<?xml version="1.0" encoding="UTF-8"?>
<testng-results ignored="0" total="1" passed="1" failed="0" skipped="0">
  <reporter-output>
  </reporter-output>
  <suite started-at="2024-06-25T09:28:11 IST" name="Default suite" finished-at="2024-06-25T09:28:13 IST" duration-ms="2371">
    <groups>
    </groups>
    <test started-at="2024-06-25T09:28:11 IST" name="Default test" finished-at="2024-06-25T09:28:13 IST" duration-ms="2371">
      <class name="tests.JsonSchemavalidate">
        <test-method signature="jsonschemavalidation()[pri:0, instance:tests.JsonSchemavalidate@15bb5034]" started-at="2024-06-25T09:28:11 IST" name="jsonschemavalidation" finished-at="2024-06-25T09:28:13 IST" duration-ms="2333" status="PASS">
          <reporter-output>
          </reporter-output>
        </test-method> <!-- jsonschemavalidation -->
      </class> <!-- tests.JsonSchemavalidate -->
    </test> <!-- Default test -->
  </suite> <!-- Default suite -->
</testng-results>
